Alive 1 0 74264 3
Initialisierung 0
Alive 2 1 1684108385 795439408
Initialisierung 1
Alive 3 2 1684108385 795439409
Initialisierung 2
Alive 4 3 1684108385 795439410
Initialisierung 3
Alive 5 4 1684108385 795439411
Initialisierung 4
Alive 6 5 1684108385 795439412
Initialisierung 5
Alive 7 6 1684108385 795439413
Initialisierung 6
Alive 8 7 1684108385 795439414
Initialisierung 7
Alive 9 8 1684108385 795439415
Initialisierung 8
Alive 10 9 1684108385 795439416
Initialisierung 9
Alive 11 10 1684108385 795439417
Initialisierung 10
Alive 12 11 1684108385 795439409
Initialisierung 11
Alive 13 12 1684108385 795439409
Initialisierung 12
Alive 14 13 1684108385 795439409
Initialisierung 13
Alive 15 14 1684108385 795439409
Initialisierung 14
Alive 16 15 1684108385 795439409
Initialisierung 15
Alive 17 16 1684108385 795439409
Initialisierung 16
Alive 18 17 1684108385 795439409
Initialisierung 17
Alive 19 18 1684108385 795439409
Initialisierung 18
Alive 20 19 1684108385 795439409
Initialisierung 19
Initialisierung 20
Initialisierung 19
Initialisierung 18
Initialisierung 17
Initialisierung 16
Initialisierung 15
Initialisierung 14
Initialisierung 13
Initialisierung 12
Initialisierung 11
Initialisierung 10
Initialisierung 9
Initialisierung 8
Initialisierung 7
Initialisierung 6
Initialisierung 5
Initialisierung 4
Initialisierung 3
Initialisierung 2
Initialisierung 1
Initialisierung 0
IQ 1.00 ended,
Autor (w)2015 Gerald Roehrbein
Build Friday, 29 April 2016 14:21:20 CEST
Build# 28
Dead.
Dying 20
Dying 19
Dying 18
Dying 17
Dying 16
Dying 15
Dying 14
Dying 13
Dying 12
Dying 11
Dying 10
Dying 9
Dying 8
Dying 7
Dying 6
Dying 5
Dying 4
Dying 3
Dying 2
Dying 1
Dying 0
